cabal: Entering directory '/tmp/cabal-tmp-4705/data-default-instances-dlist-0.0.1'
Configuring data-default-instances-dlist-0.0.1...
Preprocessing library for data-default-instances-dlist-0.0.1..
Building library for data-default-instances-dlist-0.0.1..
[1 of 1] Compiling Data.Default.Instances.DList ( Data/Default/Instances/DList.hs, dist/dist-sandbox-dfc6d41d/build/Data/Default/Instances/DList.o )

Data/Default/Instances/DList.hs:36:1: error:
    Could not find module `Data.Default.Class'
    There are files missing in the `data-default-class-0.1.2.0' package,
    try running 'ghc-pkg check'.
    Use -v to see a list of the files searched for.
   |
36 | import Data.Default.Class
   | ^^^^^^^^^^^^^^^^^^^^^^^^^

Data/Default/Instances/DList.hs:37:1: error:
    Could not find module `Data.DList'
    There are files missing in the `dlist-0.8.0.4' package,
    try running 'ghc-pkg check'.
    Use -v to see a list of the files searched for.
   |
37 | import Data.DList
   | ^^^^^^^^^^^^^^^^^
cabal: Leaving directory '/tmp/cabal-tmp-4705/data-default-instances-dlist-0.0.1'
