cabal: Entering directory '/tmp/cabal-tmp-4706/data-default-instances-old-locale-0.0.1'
Configuring data-default-instances-old-locale-0.0.1...
Preprocessing library for data-default-instances-old-locale-0.0.1..
Building library for data-default-instances-old-locale-0.0.1..
[1 of 1] Compiling Data.Default.Instances.OldLocale ( Data/Default/Instances/OldLocale.hs, dist/dist-sandbox-dfc6d41d/build/Data/Default/Instances/OldLocale.o )

Data/Default/Instances/OldLocale.hs:36:1: error:
    Could not find module `Data.Default.Class'
    There are files missing in the `data-default-class-0.1.2.0' package,
    try running 'ghc-pkg check'.
    Use -v to see a list of the files searched for.
   |
36 | import Data.Default.Class
   | ^^^^^^^^^^^^^^^^^^^^^^^^^

Data/Default/Instances/OldLocale.hs:37:1: error:
    Could not find module `System.Locale'
    There are files missing in the `old-locale-1.0.0.7' package,
    try running 'ghc-pkg check'.
    Use -v to see a list of the files searched for.
   |
37 | import System.Locale
   | ^^^^^^^^^^^^^^^^^^^^
cabal: Leaving directory '/tmp/cabal-tmp-4706/data-default-instances-old-locale-0.0.1'
