cabal: Entering directory '/tmp/cabal-tmp-3880/hscolour-1.24.4'
Configuring hscolour-1.24.4...
Preprocessing executable 'HsColour' for hscolour-1.24.4..
Building executable 'HsColour' for hscolour-1.24.4..

<no location info>: warning: [-Wmissing-home-modules]
    These modules are needed for compilation but not listed in your .cabal file's other-modules: Language.Haskell.HsColour
                                                                                                 Language.Haskell.HsColour.ACSS
                                                                                                 Language.Haskell.HsColour.ANSI
                                                                                                 Language.Haskell.HsColour.Anchors
                                                                                                 Language.Haskell.HsColour.CSS
                                                                                                 Language.Haskell.HsColour.Classify
                                                                                                 Language.Haskell.HsColour.ColourHighlight
                                                                                                 Language.Haskell.HsColour.Colourise
                                                                                                 Language.Haskell.HsColour.General
                                                                                                 Language.Haskell.HsColour.HTML
                                                                                                 Language.Haskell.HsColour.InlineCSS
                                                                                                 Language.Haskell.HsColour.LaTeX
                                                                                                 Language.Haskell.HsColour.MIRC
                                                                                                 Language.Haskell.HsColour.Options
                                                                                                 Language.Haskell.HsColour.Output
                                                                                                 Language.Haskell.HsColour.TTY
[ 1 of 17] Compiling Language.Haskell.HsColour.Classify ( Language/Haskell/HsColour/Classify.hs, dist/dist-sandbox-dfc6d41d/build/HsColour/HsColour-tmp/Language/Haskell/HsColour/Classify.o )

Language/Haskell/HsColour/Classify.hs:50:39: warning: [-Wtabs]
    Tab character found here, and in 7 further locations.
    Please use spaces instead.
   |
50 | glue (q:".":n:rest) | isUpper (head q)  -- qualified names
   |                                       ^^
[ 2 of 17] Compiling Language.Haskell.HsColour.ColourHighlight ( Language/Haskell/HsColour/ColourHighlight.hs, dist/dist-sandbox-dfc6d41d/build/HsColour/HsColour-tmp/Language/Haskell/HsColour/ColourHighlight.o )
[ 3 of 17] Compiling Language.Haskell.HsColour.Colourise ( Language/Haskell/HsColour/Colourise.hs, dist/dist-sandbox-dfc6d41d/build/HsColour/HsColour-tmp/Language/Haskell/HsColour/Colourise.o )
[ 4 of 17] Compiling Language.Haskell.HsColour.General ( Language/Haskell/HsColour/General.hs, dist/dist-sandbox-dfc6d41d/build/HsColour/HsColour-tmp/Language/Haskell/HsColour/General.o )
[ 5 of 17] Compiling Language.Haskell.HsColour.Anchors ( Language/Haskell/HsColour/Anchors.hs, dist/dist-sandbox-dfc6d41d/build/HsColour/HsColour-tmp/Language/Haskell/HsColour/Anchors.o )

Language/Haskell/HsColour/Anchors.hs:73:1: warning: [-Wtabs]
    Tab character found here, and in four further locations.
    Please use spaces instead.
   |
73 |                       | v `inST` st     -> Nothing
   | ^^^^^^^^
[ 6 of 17] Compiling Language.Haskell.HsColour.HTML ( Language/Haskell/HsColour/HTML.hs, dist/dist-sandbox-dfc6d41d/build/HsColour/HsColour-tmp/Language/Haskell/HsColour/HTML.o )
[ 7 of 17] Compiling Language.Haskell.HsColour.CSS ( Language/Haskell/HsColour/CSS.hs, dist/dist-sandbox-dfc6d41d/build/HsColour/HsColour-tmp/Language/Haskell/HsColour/CSS.o )
[ 8 of 17] Compiling Language.Haskell.HsColour.ACSS ( Language/Haskell/HsColour/ACSS.hs, dist/dist-sandbox-dfc6d41d/build/HsColour/HsColour-tmp/Language/Haskell/HsColour/ACSS.o )
[ 9 of 17] Compiling Language.Haskell.HsColour.InlineCSS ( Language/Haskell/HsColour/InlineCSS.hs, dist/dist-sandbox-dfc6d41d/build/HsColour/HsColour-tmp/Language/Haskell/HsColour/InlineCSS.o )

Language/Haskell/HsColour/InlineCSS.hs:12:24: warning: [-Wtabs]
    Tab character found here.
    Please use spaces instead.
   |
12 | hscolour :: ColourPrefs -- ^ Preferences for styling.
   |                        ^
[10 of 17] Compiling Language.Haskell.HsColour.LaTeX ( Language/Haskell/HsColour/LaTeX.hs, dist/dist-sandbox-dfc6d41d/build/HsColour/HsColour-tmp/Language/Haskell/HsColour/LaTeX.o )
[11 of 17] Compiling Language.Haskell.HsColour.MIRC ( Language/Haskell/HsColour/MIRC.hs, dist/dist-sandbox-dfc6d41d/build/HsColour/HsColour-tmp/Language/Haskell/HsColour/MIRC.o )
[12 of 17] Compiling Language.Haskell.HsColour.Output ( Language/Haskell/HsColour/Output.hs, dist/dist-sandbox-dfc6d41d/build/HsColour/HsColour-tmp/Language/Haskell/HsColour/Output.o )
[13 of 17] Compiling Language.Haskell.HsColour.Options ( Language/Haskell/HsColour/Options.hs, dist/dist-sandbox-dfc6d41d/build/HsColour/HsColour-tmp/Language/Haskell/HsColour/Options.o )

Language/Haskell/HsColour/Options.hs:11:9: warning: [-Wtabs]
    Tab character found here, and in 12 further locations.
    Please use spaces instead.
   |
11 |     Help                -- ^ print usage message
   |         ^^^^^^^^
[14 of 17] Compiling Language.Haskell.HsColour.ANSI ( Language/Haskell/HsColour/ANSI.hs, dist/dist-sandbox-dfc6d41d/build/HsColour/HsColour-tmp/Language/Haskell/HsColour/ANSI.o )

Language/Haskell/HsColour/ANSI.hs:62:10: warning: [-Wmissing-methods]
    * No explicit implementation for
        `toEnum'
    * In the instance declaration for `Enum Highlight'
   |
62 | instance Enum Highlight where
   |          ^^^^^^^^^^^^^^
[15 of 17] Compiling Language.Haskell.HsColour.TTY ( Language/Haskell/HsColour/TTY.hs, dist/dist-sandbox-dfc6d41d/build/HsColour/HsColour-tmp/Language/Haskell/HsColour/TTY.o )
[16 of 17] Compiling Language.Haskell.HsColour ( Language/Haskell/HsColour.hs, dist/dist-sandbox-dfc6d41d/build/HsColour/HsColour-tmp/Language/Haskell/HsColour.o )

Language/Haskell/HsColour.hs:37:19: warning: [-Wtabs]
    Tab character found here, and in two further locations.
    Please use spaces instead.
   |
37 |          -> String      -- ^ Title for output.
   |                   ^^^^^^
[17 of 17] Compiling Main             ( HsColour.hs, dist/dist-sandbox-dfc6d41d/build/HsColour/HsColour-tmp/Main.o )

HsColour.hs:72:1: warning: [-Wtabs]
    Tab character found here, and in two further locations.
    Please use spaces instead.
   |
72 |                               [(f, guessLiterate lhs f) | Input f <- good]
   | ^^^^^^^^

<no location info>: warning: [-Wmissing-home-modules]
    These modules are needed for compilation but not listed in your .cabal file's other-modules: Language.Haskell.HsColour
                                                                                                 Language.Haskell.HsColour.ACSS
                                                                                                 Language.Haskell.HsColour.ANSI
                                                                                                 Language.Haskell.HsColour.Anchors
                                                                                                 Language.Haskell.HsColour.CSS
                                                                                                 Language.Haskell.HsColour.Classify
                                                                                                 Language.Haskell.HsColour.ColourHighlight
                                                                                                 Language.Haskell.HsColour.Colourise
                                                                                                 Language.Haskell.HsColour.General
                                                                                                 Language.Haskell.HsColour.HTML
                                                                                                 Language.Haskell.HsColour.InlineCSS
                                                                                                 Language.Haskell.HsColour.LaTeX
                                                                                                 Language.Haskell.HsColour.MIRC
                                                                                                 Language.Haskell.HsColour.Options
                                                                                                 Language.Haskell.HsColour.Output
                                                                                                 Language.Haskell.HsColour.TTY
Linking dist/dist-sandbox-dfc6d41d/build/HsColour/HsColour ...
Preprocessing library for hscolour-1.24.4..
Building library for hscolour-1.24.4..
[ 1 of 16] Compiling Language.Haskell.HsColour.Classify ( Language/Haskell/HsColour/Classify.hs, dist/dist-sandbox-dfc6d41d/build/Language/Haskell/HsColour/Classify.o )

Language/Haskell/HsColour/Classify.hs:50:39: warning: [-Wtabs]
    Tab character found here, and in 7 further locations.
    Please use spaces instead.
   |
50 | glue (q:".":n:rest) | isUpper (head q)  -- qualified names
   |                                       ^^
[ 2 of 16] Compiling Language.Haskell.HsColour.ColourHighlight ( Language/Haskell/HsColour/ColourHighlight.hs, dist/dist-sandbox-dfc6d41d/build/Language/Haskell/HsColour/ColourHighlight.o )
[ 3 of 16] Compiling Language.Haskell.HsColour.Colourise ( Language/Haskell/HsColour/Colourise.hs, dist/dist-sandbox-dfc6d41d/build/Language/Haskell/HsColour/Colourise.o )
[ 4 of 16] Compiling Language.Haskell.HsColour.General ( Language/Haskell/HsColour/General.hs, dist/dist-sandbox-dfc6d41d/build/Language/Haskell/HsColour/General.o )
[ 5 of 16] Compiling Language.Haskell.HsColour.Anchors ( Language/Haskell/HsColour/Anchors.hs, dist/dist-sandbox-dfc6d41d/build/Language/Haskell/HsColour/Anchors.o )

Language/Haskell/HsColour/Anchors.hs:73:1: warning: [-Wtabs]
    Tab character found here, and in four further locations.
    Please use spaces instead.
   |
73 |                       | v `inST` st     -> Nothing
   | ^^^^^^^^
[ 6 of 16] Compiling Language.Haskell.HsColour.HTML ( Language/Haskell/HsColour/HTML.hs, dist/dist-sandbox-dfc6d41d/build/Language/Haskell/HsColour/HTML.o )
[ 7 of 16] Compiling Language.Haskell.HsColour.CSS ( Language/Haskell/HsColour/CSS.hs, dist/dist-sandbox-dfc6d41d/build/Language/Haskell/HsColour/CSS.o )
[ 8 of 16] Compiling Language.Haskell.HsColour.ACSS ( Language/Haskell/HsColour/ACSS.hs, dist/dist-sandbox-dfc6d41d/build/Language/Haskell/HsColour/ACSS.o )
[ 9 of 16] Compiling Language.Haskell.HsColour.InlineCSS ( Language/Haskell/HsColour/InlineCSS.hs, dist/dist-sandbox-dfc6d41d/build/Language/Haskell/HsColour/InlineCSS.o )

Language/Haskell/HsColour/InlineCSS.hs:12:24: warning: [-Wtabs]
    Tab character found here.
    Please use spaces instead.
   |
12 | hscolour :: ColourPrefs -- ^ Preferences for styling.
   |                        ^
[10 of 16] Compiling Language.Haskell.HsColour.LaTeX ( Language/Haskell/HsColour/LaTeX.hs, dist/dist-sandbox-dfc6d41d/build/Language/Haskell/HsColour/LaTeX.o )
[11 of 16] Compiling Language.Haskell.HsColour.MIRC ( Language/Haskell/HsColour/MIRC.hs, dist/dist-sandbox-dfc6d41d/build/Language/Haskell/HsColour/MIRC.o )
[12 of 16] Compiling Language.Haskell.HsColour.Output ( Language/Haskell/HsColour/Output.hs, dist/dist-sandbox-dfc6d41d/build/Language/Haskell/HsColour/Output.o )
[13 of 16] Compiling Language.Haskell.HsColour.Options ( Language/Haskell/HsColour/Options.hs, dist/dist-sandbox-dfc6d41d/build/Language/Haskell/HsColour/Options.o )

Language/Haskell/HsColour/Options.hs:11:9: warning: [-Wtabs]
    Tab character found here, and in 12 further locations.
    Please use spaces instead.
   |
11 |     Help                -- ^ print usage message
   |         ^^^^^^^^
[14 of 16] Compiling Language.Haskell.HsColour.ANSI ( Language/Haskell/HsColour/ANSI.hs, dist/dist-sandbox-dfc6d41d/build/Language/Haskell/HsColour/ANSI.o )

Language/Haskell/HsColour/ANSI.hs:62:10: warning: [-Wmissing-methods]
    * No explicit implementation for
        `toEnum'
    * In the instance declaration for `Enum Highlight'
   |
62 | instance Enum Highlight where
   |          ^^^^^^^^^^^^^^
[15 of 16] Compiling Language.Haskell.HsColour.TTY ( Language/Haskell/HsColour/TTY.hs, dist/dist-sandbox-dfc6d41d/build/Language/Haskell/HsColour/TTY.o )
[16 of 16] Compiling Language.Haskell.HsColour ( Language/Haskell/HsColour.hs, dist/dist-sandbox-dfc6d41d/build/Language/Haskell/HsColour.o )

Language/Haskell/HsColour.hs:37:19: warning: [-Wtabs]
    Tab character found here, and in two further locations.
    Please use spaces instead.
   |
37 |          -> String      -- ^ Title for output.
   |                   ^^^^^^
Installing executable HsColour in /home/kyle/Codebase/Haskell/examples/.cabal-sandbox/bin
Installing library in /home/kyle/Codebase/Haskell/examples/.cabal-sandbox/lib/x86_64-linux-ghc-8.2.2/hscolour-1.24.4-94EldcJEcJQ9CGXfr9Xg6D
cabal: Leaving directory '/tmp/cabal-tmp-3880/hscolour-1.24.4'
