cabal: Entering directory '/tmp/cabal-tmp-4704/uniplate-1.6.12'
Configuring uniplate-1.6.12...
Preprocessing library for uniplate-1.6.12..
Building library for uniplate-1.6.12..
[ 1 of 21] Compiling Data.Generics.Uniplate.Data.Instances ( Data/Generics/Uniplate/Data/Instances.hs, dist/dist-sandbox-dfc6d41d/build/Data/Generics/Uniplate/Data/Instances.o )
[ 2 of 21] Compiling Data.Generics.Uniplate.Internal.Utils ( Data/Generics/Uniplate/Internal/Utils.hs, dist/dist-sandbox-dfc6d41d/build/Data/Generics/Uniplate/Internal/Utils.o )
[ 3 of 21] Compiling Data.Generics.Uniplate ( Data/Generics/Uniplate.hs, dist/dist-sandbox-dfc6d41d/build/Data/Generics/Uniplate.o )
[ 4 of 21] Compiling Data.Generics.Str ( Data/Generics/Str.hs, dist/dist-sandbox-dfc6d41d/build/Data/Generics/Str.o )
[ 5 of 21] Compiling Data.Generics.Uniplate.Internal.DataOnlyOperations ( Data/Generics/Uniplate/Internal/DataOnlyOperations.hs, dist/dist-sandbox-dfc6d41d/build/Data/Generics/Uniplate/Internal/DataOnlyOperations.o )
[ 6 of 21] Compiling Data.Generics.Uniplate.Internal.Data ( Data/Generics/Uniplate/Internal/Data.hs, dist/dist-sandbox-dfc6d41d/build/Data/Generics/Uniplate/Internal/Data.o )

Data/Generics/Uniplate/Internal/Data.hs:12:1: error:
    Could not find module `Data.Generics'
    There are files missing in the `syb-0.7' package,
    try running 'ghc-pkg check'.
    Use -v to see a list of the files searched for.
   |
12 | import Data.Generics
   | ^^^^^^^^^^^^^^^^^^^^

Data/Generics/Uniplate/Internal/Data.hs:57:1: error:
    Could not find module `Data.HashMap.Strict'
    There are files missing in the `unordered-containers-0.2.9.0' package,
    try running 'ghc-pkg check'.
    Use -v to see a list of the files searched for.
   |
57 | import qualified Data.HashMap.Strict as Map
   | ^^^^^^^^^^^^^^^^^^^^^^^^^^^^^^^^^^^^^^^^^^^

Data/Generics/Uniplate/Internal/Data.hs:58:1: error:
    Could not find module `Data.HashSet'
    There are files missing in the `unordered-containers-0.2.9.0' package,
    try running 'ghc-pkg check'.
    Use -v to see a list of the files searched for.
   |
58 | import qualified Data.HashSet as Set
   | ^^^^^^^^^^^^^^^^^^^^^^^^^^^^^^^^^^^^
cabal: Leaving directory '/tmp/cabal-tmp-4704/uniplate-1.6.12'
